<?xml version="1.0" encoding="UTF-8"?>
<testsuite xmlns:xsi="http://www.w3.org/2001/XMLSchema-instance" xsi:noNamespaceSchemaLocation="https://maven.apache.org/surefire/maven-surefire-plugin/xsd/surefire-test-report-3.0.xsd" version="3.0" name="com.learningJava.springboot.demo.appfirst.AppfirstApplicationTests" time="4.039" tests="1" errors="0" skipped="0" failures="0">
  <properties>
[...]
</properties>
  <testcase name="contextLoads" classname="com.learningJava.springboot.demo.appfirst.AppfirstApplicationTests" time="0.952">
    <system-out><![CDATA[14:31:17.699 [main] INFO org.springframework.test.context.support.AnnotationConfigContextLoaderUtils -- Could not detect default configuration classes for test class [com.learningJava.springboot.demo.appfirst.AppfirstApplicationTests]: AppfirstApplicationTests does not declare any static, non-private, non-final, nested classes annotated with @Configuration.
14:31:17.811 [main] INFO org.springframework.boot.test.context.SpringBootTestContextBootstrapper -- Found @SpringBootConfiguration com.learningJava.springboot.demo.appfirst.AppfirstApplication for test class com.learningJava.springboot.demo.appfirst.AppfirstApplicationTests
14:31:17.960 [main] INFO org.springframework.boot.devtools.restart.RestartApplicationListener -- Restart disabled due to context in which it is running

  .   ____          _            __ _ _
 /\\ / ___'_ __ _ _(_)_ __  __ _ \ \ \ \
( ( )\___ | '_ | '_| | '_ \/ _` | \ \ \ \
 \\/  ___)| |_)| | | | | || (_| |  ) ) ) )
  '  |____| .__|_| |_|_| |_\__, | / / / /
 =========|_|==============|___/=/_/_/_/
 :: Spring Boot ::                (v3.1.6)

2023-11-26T14:31:18.248+05:30  INFO 2740 --- [           main] c.l.s.d.a.AppfirstApplicationTests       : Starting AppfirstApplicationTests using Java 21.0.1 with PID 2740 (started by laksh in X:\Learning\LearningPracticals\Java\Projects\Java Udemy\Course01\appfirst\appfirst)
2023-11-26T14:31:18.249+05:30  INFO 2740 --- [           main] c.l.s.d.a.AppfirstApplicationTests       : No active profile set, falling back to 1 default profile: "default"
2023-11-26T14:31:20.223+05:30  WARN 2740 --- [           main] .s.s.UserDetailsServiceAutoConfiguration : 

Using generated security password: b0ed8f24-acc3-4e2b-9d1e-20ddc4e71148

This generated password is for development use only. Your security configuration must be updated before running your application in production.

2023-11-26T14:31:20.405+05:30  INFO 2740 --- [           main] o.s.b.a.e.web.EndpointLinksResolver      : Exposing 13 endpoint(s) beneath base path '/actuator'
2023-11-26T14:31:20.419+05:30  INFO 2740 --- [           main] o.s.s.web.DefaultSecurityFilterChain     : Will secure any request with [org.springframework.security.web.session.DisableEncodeUrlFilter@63d677f5, org.springframework.security.web.context.request.async.WebAsyncManagerIntegrationFilter@71d55b7e, org.springframework.security.web.context.SecurityContextHolderFilter@350323a0, org.springframework.security.web.header.HeaderWriterFilter@1a914089, org.springframework.web.filter.CorsFilter@2997ddfc, org.springframework.security.web.csrf.CsrfFilter@2801827a, org.springframework.security.web.authentication.logout.LogoutFilter@2eb0cefe, org.springframework.security.web.authentication.UsernamePasswordAuthenticationFilter@34a6d9db, org.springframework.security.web.authentication.ui.DefaultLoginPageGeneratingFilter@342ee097, org.springframework.security.web.authentication.ui.DefaultLogoutPageGeneratingFilter@28ee882c, org.springframework.security.web.authentication.www.BasicAuthenticationFilter@6f1fa1d0, org.springframework.security.web.savedrequest.RequestCacheAwareFilter@5d7dd549, org.springframework.security.web.servletapi.SecurityContextHolderAwareRequestFilter@476fde05, org.springframework.security.web.authentication.AnonymousAuthenticationFilter@78d73b1b, org.springframework.security.web.access.ExceptionTranslationFilter@2725ca05, org.springframework.security.web.access.intercept.AuthorizationFilter@2b43f314]
2023-11-26T14:31:20.504+05:30  INFO 2740 --- [           main] c.l.s.d.a.AppfirstApplicationTests       : Started AppfirstApplicationTests in 2.556 seconds (process running for 3.498)
]]></system-out>
    <system-err><![CDATA[WARNING: A Java agent has been loaded dynamically (C:\Users\laksh\.m2\repository\net\bytebuddy\byte-buddy-agent\1.14.10\byte-buddy-agent-1.14.10.jar)
WARNING: If a serviceability tool is in use, please run with -XX:+EnableDynamicAgentLoading to hide this warning
WARNING: If a serviceability tool is not in use, please run with -Djdk.instrument.traceUsage for more information
WARNING: Dynamic loading of agents will be disallowed by default in a future release
]]></system-err>
  </testcase>
</testsuite>